<?xml version="1.0" encoding="UTF-8"?>
<!-- Generated by org.testng.reporters.JUnitReportReporter -->
<testsuite skipped="0" hostname="ANKUSH" name="novopay.in.batchautomation.AxisAgentWalletTopup" tests="1" failures="0" timestamp="04 Apr 2018 14:26:19 GMT" time="40.553" errors="0">
  <testcase name="axisAgentWalletTopupTest" time="40.553" classname="novopay.in.batchautomation.AxisAgentWalletTopup"/>
</testsuite> <!-- novopay.in.batchautomation.AxisAgentWalletTopup -->
