<?xml version="1.0" encoding="UTF-8"?>
<!-- Generated by org.testng.reporters.JUnitReportReporter -->
<testsuite skipped="0" hostname="ANKUSH" name="novopay.in.batchautomation.IdfcTopup" tests="1" failures="0" timestamp="16 Oct 2018 09:23:11 GMT" time="39.613" errors="0">
  <testcase name="idfcAgentWalletTopupTest" time="39.613" classname="novopay.in.batchautomation.IdfcTopup"/>
</testsuite> <!-- novopay.in.batchautomation.IdfcTopup -->
