<?xml version="1.0" encoding="UTF-8"?>
<!-- Generated by org.testng.reporters.JUnitReportReporter -->
<testsuite skipped="0" hostname="ANKUSH" name="novopay.in.batchautomation.WalletTransfer" tests="1" failures="0" timestamp="15 Mar 2018 10:30:19 GMT" time="127.869" errors="0">
  <testcase name="axisAgentWalletTopupTest" time="127.869" classname="novopay.in.batchautomation.WalletTransfer"/>
</testsuite> <!-- novopay.in.batchautomation.WalletTransfer -->
